Start testing: Aug 26 13:22 SE Asia Standard Time
----------------------------------------------------------
1/1 Testing: HelloTest.BasicAssertions
1/1 Test: HelloTest.BasicAssertions
Command: "D:/Learning-Cplusplus/Build/hello_test.exe" "--gtest_filter=HelloTest.BasicAssertions" "--gtest_also_run_disabled_tests"
Directory: D:/Learning-Cplusplus/Build
"HelloTest.BasicAssertions" start time: Aug 26 13:22 SE Asia Standard Time
Output:
----------------------------------------------------------
Running main() from D:\Learning-Cplusplus\Build\_deps\googletest-src\googletest\src\gtest_main.cc
Note: Google Test filter = HelloTest.BasicAssertions
[==========] Running 1 test from 1 test suite.
[----------] Global test environment set-up.
[----------] 1 test from HelloTest
[ RUN      ] HelloTest.BasicAssertions
[       OK ] HelloTest.BasicAssertions (0 ms)
[----------] 1 test from HelloTest (0 ms total)

[----------] Global test environment tear-down
[==========] 1 test from 1 test suite ran. (2 ms total)
[  PASSED  ] 1 test.
<end of output>
Test time =   0.04 sec
----------------------------------------------------------
Test Passed.
"HelloTest.BasicAssertions" end time: Aug 26 13:22 SE Asia Standard Time
"HelloTest.BasicAssertions" time elapsed: 00:00:00
----------------------------------------------------------

End testing: Aug 26 13:22 SE Asia Standard Time
